<?xml version="1.0" encoding="UTF-8"?>
<!-- Generated by org.testng.reporters.JUnitXMLReporter -->
<testsuite hostname="Deepa" ignored="0" name="Command line test" tests="6" failures="0" timestamp="2019-11-19T15:32:58 IST" time="0.105" errors="0">
  <testcase name="IOStest" time="0.021" classname="TestCases.AppiumTest"/>
  <testcase name="androidtest" time="0.0" classname="TestCases.AppiumTest"/>
  <testcase name="restapi1" time="0.0" classname="TestCases.RESTAPITest"/>
  <testcase name="restapi2" time="0.0" classname="TestCases.RESTAPITest"/>
  <testcase name="login" time="0.0" classname="TestCases.SeleniumTest"/>
  <testcase name="signup" time="0.0" classname="TestCases.SeleniumTest"/>
</testsuite> <!-- Command line test -->
