<?xml version="1.0" encoding="UTF-8"?>
<testng-results skipped="0" failed="0" ignored="0" total="6" passed="6">
  <reporter-output>
  </reporter-output>
  <suite name="Command line suite" duration-ms="105" started-at="2019-11-19T15:32:58 IST" finished-at="2019-11-19T15:32:58 IST">
    <groups>
    </groups>
    <test name="Command line test" duration-ms="105" started-at="2019-11-19T15:32:58 IST" finished-at="2019-11-19T15:32:58 IST">
      <class name="TestCases.SeleniumTest">
        <test-method status="PASS" signature="login()[pri:0, instance:TestCases.SeleniumTest@1494225]" name="login" duration-ms="0" started-at="2019-11-19T15:32:58 IST" finished-at="2019-11-19T15:32:58 IST">
          <reporter-output>
          </reporter-output>
        </test-method> <!-- login -->
        <test-method status="PASS" signature="signup()[pri:0, instance:TestCases.SeleniumTest@1494225]" name="signup" duration-ms="0" started-at="2019-11-19T15:32:58 IST" finished-at="2019-11-19T15:32:58 IST">
          <reporter-output>
          </reporter-output>
        </test-method> <!-- signup -->
      </class> <!-- TestCases.SeleniumTest -->
      <class name="TestCases.AppiumTest">
        <test-method status="PASS" signature="IOStest()[pri:0, instance:TestCases.AppiumTest@d818d1]" name="IOStest" duration-ms="21" started-at="2019-11-19T15:32:58 IST" finished-at="2019-11-19T15:32:58 IST">
          <reporter-output>
          </reporter-output>
        </test-method> <!-- IOStest -->
        <test-method status="PASS" signature="androidtest()[pri:0, instance:TestCases.AppiumTest@d818d1]" name="androidtest" duration-ms="0" started-at="2019-11-19T15:32:58 IST" finished-at="2019-11-19T15:32:58 IST">
          <reporter-output>
          </reporter-output>
        </test-method> <!-- androidtest -->
      </class> <!-- TestCases.AppiumTest -->
      <class name="TestCases.RESTAPITest">
        <test-method status="PASS" signature="restapi1()[pri:0, instance:TestCases.RESTAPITest@6451e]" name="restapi1" duration-ms="0" started-at="2019-11-19T15:32:58 IST" finished-at="2019-11-19T15:32:58 IST">
          <reporter-output>
          </reporter-output>
        </test-method> <!-- restapi1 -->
        <test-method status="PASS" signature="restapi2()[pri:0, instance:TestCases.RESTAPITest@6451e]" name="restapi2" duration-ms="0" started-at="2019-11-19T15:32:58 IST" finished-at="2019-11-19T15:32:58 IST">
          <reporter-output>
          </reporter-output>
        </test-method> <!-- restapi2 -->
      </class> <!-- TestCases.RESTAPITest -->
    </test> <!-- Command line test -->
  </suite> <!-- Command line suite -->
</testng-results>
